<?xml version="1.0" encoding="UTF-8"?>
<!-- Generated by org.testng.reporters.JUnitReportReporter -->
<testsuite hostname="LAPTOP-HGJU6DES" failures="0" tests="1" name="rest_assured.currency_converter.currencyConverter" time="5.758" errors="0" timestamp="2024-04-21T12:46:53 IST" skipped="0">
  <testcase classname="rest_assured.currency_converter.currencyConverter" name="getCurrencyRates" time="5.758"/>
</testsuite> <!-- rest_assured.currency_converter.currencyConverter -->
