<?xml version="1.0" encoding="UTF-8"?>
<!-- Generated by org.testng.reporters.JUnitReportReporter -->
<testsuite hostname="LAPTOP-HGJU6DES" failures="0" tests="1" name="testcases.currencyConverter" time="3.335" errors="0" timestamp="2024-04-22T00:59:54 IST" skipped="0">
  <testcase classname="testcases.currencyConverter" name="getCurrencyRates" time="3.335"/>
</testsuite> <!-- testcases.currencyConverter -->
